# JRE version: Java(TM) SE Runtime Environment (7.0_80-b15) (build 1.7.0_80-b15)
# Java VM: Java HotSpot(TM) 64-Bit Server VM (24.80-b11 mixed mode linux-amd64 compressed oops)
Heap
 PSYoungGen      total 49152K, used 11439K [0x00000000ec000000, 0x00000000eff00000, 0x0000000100000000)
  eden space 48128K, 21% used [0x00000000ec000000,0x00000000eca47f00,0x00000000eef00000)
  from space 1024K, 89% used [0x00000000ef080000,0x00000000ef164010,0x00000000ef180000)
  to   space 8192K, 0% used [0x00000000ef700000,0x00000000ef700000,0x00000000eff00000)
 ParOldGen       total 40960K, used 17552K [0x00000000c4000000, 0x00000000c6800000, 0x00000000ec000000)
  object space 40960K, 42% used [0x00000000c4000000,0x00000000c51241e8,0x00000000c6800000)
 PSPermGen       total 32768K, used 32389K [0x00000000bee00000, 0x00000000c0e00000, 0x00000000c4000000)
  object space 32768K, 98% used [0x00000000bee00000,0x00000000c0da17f0,0x00000000c0e00000)
GC Heap History (10 events):
Event: 162,012 GC heap before
{Heap before GC invocations=9 (full 0):
 PSYoungGen      total 64000K, used 59568K [0x00000000ec000000, 0x00000000f0900000, 0x0000000100000000)
  eden space 57344K, 100% used [0x00000000ec000000,0x00000000ef800000,0x00000000ef800000)
  from space 6656K, 33% used [0x00000000f0280000,0x00000000f04ac010,0x00000000f0900000)
  to   space 8704K, 0% used [0x00000000ef800000,0x00000000ef800000,0x00000000f0080000)
 ParOldGen       total 40960K, used 13904K [0x00000000c4000000, 0x00000000c6800000, 0x00000000ec000000)
  object space 40960K, 33% used [0x00000000c4000000,0x00000000c4d94028,0x00000000c6800000)
 PSPermGen       total 32256K, used 31753K [0x00000000bee00000, 0x00000000c0d80000, 0x00000000c4000000)
  object space 32256K, 98% used [0x00000000bee00000,0x00000000c0d025b0,0x00000000c0d80000)
Event: 162,028 GC heap after
Heap after GC invocations=9 (full 0):
 PSYoungGen      total 57344K, used 1696K [0x00000000ec000000, 0x00000000f0700000, 0x0000000100000000)
  eden space 55296K, 0% used [0x00000000ec000000,0x00000000ec000000,0x00000000ef600000)
  from space 2048K, 82% used [0x00000000ef800000,0x00000000ef9a8020,0x00000000efa00000)
  to   space 8704K, 0% used [0x00000000efe80000,0x00000000efe80000,0x00000000f0700000)
 ParOldGen       total 40960K, used 14757K [0x00000000c4000000, 0x00000000c6800000, 0x00000000ec000000)
  object space 40960K, 36% used [0x00000000c4000000,0x00000000c4e694c8,0x00000000c6800000)
 PSPermGen       total 32256K, used 31753K [0x00000000bee00000, 0x00000000c0d80000, 0x00000000c4000000)
  object space 32256K, 98% used [0x00000000bee00000,0x00000000c0d025b0,0x00000000c0d80000)
}
Event: 264,001 GC heap before
{Heap before GC invocations=10 (full 0):
 PSYoungGen      total 57344K, used 56992K [0x00000000ec000000, 0x00000000f0700000, 0x0000000100000000)
  eden space 55296K, 100% used [0x00000000ec000000,0x00000000ef600000,0x00000000ef600000)
  from space 2048K, 82% used [0x00000000ef800000,0x00000000ef9a8020,0x00000000efa00000)
  to   space 8704K, 0% used [0x00000000efe80000,0x00000000efe80000,0x00000000f0700000)
 ParOldGen       total 40960K, used 14757K [0x00000000c4000000, 0x00000000c6800000, 0x00000000ec000000)
  object space 40960K, 36% used [0x00000000c4000000,0x00000000c4e694c8,0x00000000c6800000)
 PSPermGen       total 32256K, used 31850K [0x00000000bee00000, 0x00000000c0d80000, 0x00000000c4000000)
  object space 32256K, 98% used [0x00000000bee00000,0x00000000c0d1a9f8,0x00000000c0d80000)
Event: 264,003 GC heap after
Heap after GC invocations=10 (full 0):
 PSYoungGen      total 59904K, used 1424K [0x00000000ec000000, 0x00000000f0500000, 0x0000000100000000)
  eden space 53248K, 0% used [0x00000000ec000000,0x00000000ec000000,0x00000000ef400000)
  from space 6656K, 21% used [0x00000000efe80000,0x00000000effe4050,0x00000000f0500000)
  to   space 8704K, 0% used [0x00000000ef400000,0x00000000ef400000,0x00000000efc80000)
 ParOldGen       total 40960K, used 15140K [0x00000000c4000000, 0x00000000c6800000, 0x00000000ec000000)
  object space 40960K, 36% used [0x00000000c4000000,0x00000000c4ec9158,0x00000000c6800000)
 PSPermGen       total 32256K, used 31850K [0x00000000bee00000, 0x00000000c0d80000, 0x00000000c4000000)
  object space 32256K, 98% used [0x00000000bee00000,0x00000000c0d1a9f8,0x00000000c0d80000)
}
Event: 351,671 GC heap before
{Heap before GC invocations=11 (full 0):
 PSYoungGen      total 59904K, used 54672K [0x00000000ec000000, 0x00000000f0500000, 0x0000000100000000)
  eden space 53248K, 100% used [0x00000000ec000000,0x00000000ef400000,0x00000000ef400000)
  from space 6656K, 21% used [0x00000000efe80000,0x00000000effe4050,0x00000000f0500000)
  to   space 8704K, 0% used [0x00000000ef400000,0x00000000ef400000,0x00000000efc80000)
 ParOldGen       total 40960K, used 15140K [0x00000000c4000000, 0x00000000c6800000, 0x00000000ec000000)
  object space 40960K, 36% used [0x00000000c4000000,0x00000000c4ec9158,0x00000000c6800000)
 PSPermGen       total 32256K, used 31974K [0x00000000bee00000, 0x00000000c0d80000, 0x00000000c4000000)
  object space 32256K, 99% used [0x00000000bee00000,0x00000000c0d39bb8,0x00000000c0d80000)
Event: 351,675 GC heap after
Heap after GC invocations=11 (full 0):
 PSYoungGen      total 52224K, used 640K [0x00000000ec000000, 0x00000000f0300000, 0x0000000100000000)
  eden space 51200K, 0% used [0x00000000ec000000,0x00000000ec000000,0x00000000ef200000)
  from space 1024K, 62% used [0x00000000ef400000,0x00000000ef4a0020,0x00000000ef500000)
  to   space 8704K, 0% used [0x00000000efa80000,0x00000000efa80000,0x00000000f0300000)
 ParOldGen       total 40960K, used 15903K [0x00000000c4000000, 0x00000000c6800000, 0x00000000ec000000)
  object space 40960K, 38% used [0x00000000c4000000,0x00000000c4f87d98,0x00000000c6800000)
 PSPermGen       total 32256K, used 31974K [0x00000000bee00000, 0x00000000c0d80000, 0x00000000c4000000)
  object space 32256K, 99% used [0x00000000bee00000,0x00000000c0d39bb8,0x00000000c0d80000)
}
Event: 458,768 GC heap before
{Heap before GC invocations=12 (full 0):
 PSYoungGen      total 52224K, used 51840K [0x00000000ec000000, 0x00000000f0300000, 0x0000000100000000)
  eden space 51200K, 100% used [0x00000000ec000000,0x00000000ef200000,0x00000000ef200000)
  from space 1024K, 62% used [0x00000000ef400000,0x00000000ef4a0020,0x00000000ef500000)
  to   space 8704K, 0% used [0x00000000efa80000,0x00000000efa80000,0x00000000f0300000)
 ParOldGen       total 40960K, used 15903K [0x00000000c4000000, 0x00000000c6800000, 0x00000000ec000000)
  object space 40960K, 38% used [0x00000000c4000000,0x00000000c4f87d98,0x00000000c6800000)
 PSPermGen       total 32768K, used 32282K [0x00000000bee00000, 0x00000000c0e00000, 0x00000000c4000000)
  object space 32768K, 98% used [0x00000000bee00000,0x00000000c0d86b00,0x00000000c0e00000)
Event: 458,773 GC heap after
Heap after GC invocations=12 (full 0):
 PSYoungGen      total 56832K, used 1304K [0x00000000ec000000, 0x00000000f0180000, 0x0000000100000000)
  eden space 49664K, 0% used [0x00000000ec000000,0x00000000ec000000,0x00000000ef080000)
  from space 7168K, 18% used [0x00000000efa80000,0x00000000efbc6010,0x00000000f0180000)
  to   space 8704K, 0% used [0x00000000ef080000,0x00000000ef080000,0x00000000ef900000)
 ParOldGen       total 40960K, used 16338K [0x00000000c4000000, 0x00000000c6800000, 0x00000000ec000000)
  object space 40960K, 39% used [0x00000000c4000000,0x00000000c4ff4878,0x00000000c6800000)
 PSPermGen       total 32768K, used 32282K [0x00000000bee00000, 0x00000000c0e00000, 0x00000000c4000000)
  object space 32768K, 98% used [0x00000000bee00000,0x00000000c0d86b00,0x00000000c0e00000)
}
Event: 546,676 GC heap before
{Heap before GC invocations=13 (full 0):
 PSYoungGen      total 56832K, used 50968K [0x00000000ec000000, 0x00000000f0180000, 0x0000000100000000)
  eden space 49664K, 100% used [0x00000000ec000000,0x00000000ef080000,0x00000000ef080000)
  from space 7168K, 18% used [0x00000000efa80000,0x00000000efbc6010,0x00000000f0180000)
  to   space 8704K, 0% used [0x00000000ef080000,0x00000000ef080000,0x00000000ef900000)
 ParOldGen       total 40960K, used 16338K [0x00000000c4000000, 0x00000000c6800000, 0x00000000ec000000)
  object space 40960K, 39% used [0x00000000c4000000,0x00000000c4ff4878,0x00000000c6800000)
 PSPermGen       total 32768K, used 32343K [0x00000000bee00000, 0x00000000c0e00000, 0x00000000c4000000)
  object space 32768K, 98% used [0x00000000bee00000,0x00000000c0d95d70,0x00000000c0e00000)
Event: 546,681 GC heap after
Heap after GC invocations=13 (full 0):
 PSYoungGen      total 49152K, used 912K [0x00000000ec000000, 0x00000000eff00000, 0x0000000100000000)
  eden space 48128K, 0% used [0x00000000ec000000,0x00000000ec000000,0x00000000eef00000)
  from space 1024K, 89% used [0x00000000ef080000,0x00000000ef164010,0x00000000ef180000)
  to   space 8192K, 0% used [0x00000000ef700000,0x00000000ef700000,0x00000000eff00000)
 ParOldGen       total 40960K, used 17552K [0x00000000c4000000, 0x00000000c6800000, 0x00000000ec000000)
  object space 40960K, 42% used [0x00000000c4000000,0x00000000c51241e8,0x00000000c6800000)
 PSPermGen       total 32768K, used 32343K [0x00000000bee00000, 0x00000000c0e00000, 0x00000000c4000000)
  object space 32768K, 98% used [0x00000000bee00000,0x00000000c0d95d70,0x00000000c0e00000)
}

